0 info it worked if it ends with ok
1 verbose cli [ 'C:\\Program Files\\nodejs\\node.exe',
1 verbose cli   'C:\\Program Files\\nodejs\\node_modules\\npm\\bin\\npm-cli.js',
1 verbose cli   'run',
1 verbose cli   'test' ]
2 info using npm@5.6.0
3 info using node@v8.11.4
4 verbose run-script [ 'pretest', 'test', 'posttest' ]
5 info lifecycle inbox@1.0.0~pretest: inbox@1.0.0
6 info lifecycle inbox@1.0.0~test: inbox@1.0.0
7 verbose lifecycle inbox@1.0.0~test: unsafe-perm in lifecycle true
8 verbose lifecycle inbox@1.0.0~test: PATH: C:\Program Files\nodejs\node_modules\npm\node_modules\npm-lifecycle\node-gyp-bin;C:\Users\Gary\project\ethereum\inbox\node_modules\.bin;C:\Program Files (x86)\Common Files\Oracle\Java\javapath;C:\ProgramData\Oracle\Java\javapath;C:\Program Files (x86)\Intel\TXE Components\TCS\;C:\Program Files\Intel\TXE Components\TCS\;C:\Windows\system32;C:\Windows;C:\Windows\System32\Wbem;C:\Windows\System32\WindowsPowerShell\v1.0\;C:\Program Files\Hewlett-Packard\SimplePass\;C:\Program Files (x86)\Skype\Phone\;C:\Program Files (x86)\Amazon\AWSCLI\;C:\Program Files\Microsoft SQL Server\Client SDK\ODBC\130\Tools\Binn\;C:\Program Files (x86)\Microsoft SQL Server\140\Tools\Binn\;C:\Program Files\Microsoft SQL Server\140\Tools\Binn\;C:\Program Files\Microsoft SQL Server\140\DTS\Binn\;C:\Program Files\Microsoft VS Code\bin;C:\Program Files\Git\cmd;C:\Program Files\nodejs\;C:\Program Files\Microsoft SQL Server\130\Tools\Binn\;C:\Program Files\dotnet\;C:\Users\Gary\AppData\Local\Android\sdk\platform-tools
9 verbose lifecycle inbox@1.0.0~test: CWD: C:\Users\Gary\project\ethereum\inbox
10 silly lifecycle inbox@1.0.0~test: Args: [ '/d /s /c', 'mocha' ]
11 silly lifecycle inbox@1.0.0~test: Returned: code: 1  signal: null
12 info lifecycle inbox@1.0.0~test: Failed to exec test script
13 verbose stack Error: inbox@1.0.0 test: `mocha`
13 verbose stack Exit status 1
13 verbose stack     at EventEmitter.<anonymous> (C:\Program Files\nodejs\node_modules\npm\node_modules\npm-lifecycle\index.js:285:16)
13 verbose stack     at emitTwo (events.js:126:13)
13 verbose stack     at EventEmitter.emit (events.js:214:7)
13 verbose stack     at ChildProcess.<anonymous> (C:\Program Files\nodejs\node_modules\npm\node_modules\npm-lifecycle\lib\spawn.js:55:14)
13 verbose stack     at emitTwo (events.js:126:13)
13 verbose stack     at ChildProcess.emit (events.js:214:7)
13 verbose stack     at maybeClose (internal/child_process.js:925:16)
13 verbose stack     at Process.ChildProcess._handle.onexit (internal/child_process.js:209:5)
14 verbose pkgid inbox@1.0.0
15 verbose cwd C:\Users\Gary\project\ethereum\inbox
16 verbose Windows_NT 6.3.9600
17 verbose argv "C:\\Program Files\\nodejs\\node.exe" "C:\\Program Files\\nodejs\\node_modules\\npm\\bin\\npm-cli.js" "run" "test"
18 verbose node v8.11.4
19 verbose npm  v5.6.0
20 error code ELIFECYCLE
21 error errno 1
22 error inbox@1.0.0 test: `mocha`
22 error Exit status 1
23 error Failed at the inbox@1.0.0 test script.
23 error This is probably not a problem with npm. There is likely additional logging output above.
24 verbose exit [ 1, true ]
